[Mon Oct 25 22:55:47 MDT 2021] - INFO passoff.ServerTest: 	Setting up Persistence Test...
[Mon Oct 25 22:55:47 MDT 2021] - INFO client.Proxy: 	Clear called
[Mon Oct 25 22:55:47 MDT 2021] - INFO client.Client: 	Post without Request Body called
[Mon Oct 25 22:55:47 MDT 2021] - INFO client.Client: 	Attempting to open connection to server
[Mon Oct 25 22:55:47 MDT 2021] - INFO client.Client: 	Connection opened to server
[Mon Oct 25 22:55:47 MDT 2021] - INFO client.Client: 	Setting passoffrequest method to POST
[Mon Oct 25 22:55:47 MDT 2021] - INFO client.Client: 	Request method set to POST
[Mon Oct 25 22:55:47 MDT 2021] - INFO client.Client: 	Setting Do Output to true
[Mon Oct 25 22:55:47 MDT 2021] - INFO client.Client: 	Do Output set to true
[Mon Oct 25 22:55:47 MDT 2021] - INFO client.Client: 	Connecting to server
[Mon Oct 25 22:55:49 MDT 2021] - INFO passoff.ServerTest: 	Setting up File Handler Default Test...
[Mon Oct 25 22:55:49 MDT 2021] - INFO client.Proxy: 	Clear called
[Mon Oct 25 22:55:49 MDT 2021] - INFO client.Client: 	Post without Request Body called
[Mon Oct 25 22:55:49 MDT 2021] - INFO client.Client: 	Attempting to open connection to server
[Mon Oct 25 22:55:49 MDT 2021] - INFO client.Client: 	Connection opened to server
[Mon Oct 25 22:55:49 MDT 2021] - INFO client.Client: 	Setting passoffrequest method to POST
[Mon Oct 25 22:55:49 MDT 2021] - INFO client.Client: 	Request method set to POST
[Mon Oct 25 22:55:49 MDT 2021] - INFO client.Client: 	Setting Do Output to true
[Mon Oct 25 22:55:49 MDT 2021] - INFO client.Client: 	Do Output set to true
[Mon Oct 25 22:55:49 MDT 2021] - INFO client.Client: 	Connecting to server
[Mon Oct 25 22:55:51 MDT 2021] - INFO passoff.ServerTest: 	Setting up Realistic Fill Death Test...
[Mon Oct 25 22:55:51 MDT 2021] - INFO client.Proxy: 	Clear called
[Mon Oct 25 22:55:51 MDT 2021] - INFO client.Client: 	Post without Request Body called
[Mon Oct 25 22:55:51 MDT 2021] - INFO client.Client: 	Attempting to open connection to server
[Mon Oct 25 22:55:51 MDT 2021] - INFO client.Client: 	Connection opened to server
[Mon Oct 25 22:55:51 MDT 2021] - INFO client.Client: 	Setting passoffrequest method to POST
[Mon Oct 25 22:55:51 MDT 2021] - INFO client.Client: 	Request method set to POST
[Mon Oct 25 22:55:51 MDT 2021] - INFO client.Client: 	Setting Do Output to true
[Mon Oct 25 22:55:51 MDT 2021] - INFO client.Client: 	Do Output set to true
[Mon Oct 25 22:55:51 MDT 2021] - INFO client.Client: 	Connecting to server
[Mon Oct 25 22:55:53 MDT 2021] - INFO passoff.ServerTest: 	Setting up Login Invalid User Test...
[Mon Oct 25 22:55:53 MDT 2021] - INFO client.Proxy: 	Clear called
[Mon Oct 25 22:55:53 MDT 2021] - INFO client.Client: 	Post without Request Body called
[Mon Oct 25 22:55:53 MDT 2021] - INFO client.Client: 	Attempting to open connection to server
[Mon Oct 25 22:55:53 MDT 2021] - INFO client.Client: 	Connection opened to server
[Mon Oct 25 22:55:53 MDT 2021] - INFO client.Client: 	Setting passoffrequest method to POST
[Mon Oct 25 22:55:53 MDT 2021] - INFO client.Client: 	Request method set to POST
[Mon Oct 25 22:55:53 MDT 2021] - INFO client.Client: 	Setting Do Output to true
[Mon Oct 25 22:55:53 MDT 2021] - INFO client.Client: 	Do Output set to true
[Mon Oct 25 22:55:53 MDT 2021] - INFO client.Client: 	Connecting to server
[Mon Oct 25 22:55:55 MDT 2021] - INFO passoff.ServerTest: 	Setting up Load Valid Info Test...
[Mon Oct 25 22:55:55 MDT 2021] - INFO client.Proxy: 	Clear called
[Mon Oct 25 22:55:55 MDT 2021] - INFO client.Client: 	Post without Request Body called
[Mon Oct 25 22:55:55 MDT 2021] - INFO client.Client: 	Attempting to open connection to server
[Mon Oct 25 22:55:55 MDT 2021] - INFO client.Client: 	Connection opened to server
[Mon Oct 25 22:55:55 MDT 2021] - INFO client.Client: 	Setting passoffrequest method to POST
[Mon Oct 25 22:55:55 MDT 2021] - INFO client.Client: 	Request method set to POST
[Mon Oct 25 22:55:55 MDT 2021] - INFO client.Client: 	Setting Do Output to true
[Mon Oct 25 22:55:55 MDT 2021] - INFO client.Client: 	Do Output set to true
[Mon Oct 25 22:55:55 MDT 2021] - INFO client.Client: 	Connecting to server
[Mon Oct 25 22:55:57 MDT 2021] - INFO passoff.ServerTest: 	Setting up Valid Fill Relationships Test...
[Mon Oct 25 22:55:57 MDT 2021] - INFO client.Proxy: 	Clear called
[Mon Oct 25 22:55:57 MDT 2021] - INFO client.Client: 	Post without Request Body called
[Mon Oct 25 22:55:57 MDT 2021] - INFO client.Client: 	Attempting to open connection to server
[Mon Oct 25 22:55:57 MDT 2021] - INFO client.Client: 	Connection opened to server
[Mon Oct 25 22:55:57 MDT 2021] - INFO client.Client: 	Setting passoffrequest method to POST
[Mon Oct 25 22:55:57 MDT 2021] - INFO client.Client: 	Request method set to POST
[Mon Oct 25 22:55:57 MDT 2021] - INFO client.Client: 	Setting Do Output to true
[Mon Oct 25 22:55:57 MDT 2021] - INFO client.Client: 	Do Output set to true
[Mon Oct 25 22:55:57 MDT 2021] - INFO client.Client: 	Connecting to server
[Mon Oct 25 22:55:59 MDT 2021] - INFO passoff.ServerTest: 	Setting up Login Invalid Password Test...
[Mon Oct 25 22:55:59 MDT 2021] - INFO client.Proxy: 	Clear called
[Mon Oct 25 22:55:59 MDT 2021] - INFO client.Client: 	Post without Request Body called
[Mon Oct 25 22:55:59 MDT 2021] - INFO client.Client: 	Attempting to open connection to server
[Mon Oct 25 22:55:59 MDT 2021] - INFO client.Client: 	Connection opened to server
[Mon Oct 25 22:55:59 MDT 2021] - INFO client.Client: 	Setting passoffrequest method to POST
[Mon Oct 25 22:55:59 MDT 2021] - INFO client.Client: 	Request method set to POST
[Mon Oct 25 22:55:59 MDT 2021] - INFO client.Client: 	Setting Do Output to true
[Mon Oct 25 22:55:59 MDT 2021] - INFO client.Client: 	Do Output set to true
[Mon Oct 25 22:55:59 MDT 2021] - INFO client.Client: 	Connecting to server
[Mon Oct 25 22:56:01 MDT 2021] - INFO passoff.ServerTest: 	Setting up Events Bad Auth Token Test...
[Mon Oct 25 22:56:01 MDT 2021] - INFO client.Proxy: 	Clear called
[Mon Oct 25 22:56:01 MDT 2021] - INFO client.Client: 	Post without Request Body called
[Mon Oct 25 22:56:01 MDT 2021] - INFO client.Client: 	Attempting to open connection to server
[Mon Oct 25 22:56:01 MDT 2021] - INFO client.Client: 	Connection opened to server
[Mon Oct 25 22:56:01 MDT 2021] - INFO client.Client: 	Setting passoffrequest method to POST
[Mon Oct 25 22:56:01 MDT 2021] - INFO client.Client: 	Request method set to POST
[Mon Oct 25 22:56:01 MDT 2021] - INFO client.Client: 	Setting Do Output to true
[Mon Oct 25 22:56:01 MDT 2021] - INFO client.Client: 	Do Output set to true
[Mon Oct 25 22:56:01 MDT 2021] - INFO client.Client: 	Connecting to server
[Mon Oct 25 22:56:03 MDT 2021] - INFO passoff.ServerTest: 	Setting up Clear Test...
[Mon Oct 25 22:56:03 MDT 2021] - INFO client.Proxy: 	Clear called
[Mon Oct 25 22:56:03 MDT 2021] - INFO client.Client: 	Post without Request Body called
[Mon Oct 25 22:56:03 MDT 2021] - INFO client.Client: 	Attempting to open connection to server
[Mon Oct 25 22:56:03 MDT 2021] - INFO client.Client: 	Connection opened to server
[Mon Oct 25 22:56:03 MDT 2021] - INFO client.Client: 	Setting passoffrequest method to POST
[Mon Oct 25 22:56:03 MDT 2021] - INFO client.Client: 	Request method set to POST
[Mon Oct 25 22:56:03 MDT 2021] - INFO client.Client: 	Setting Do Output to true
[Mon Oct 25 22:56:03 MDT 2021] - INFO client.Client: 	Do Output set to true
[Mon Oct 25 22:56:03 MDT 2021] - INFO client.Client: 	Connecting to server
[Mon Oct 25 22:56:05 MDT 2021] - INFO passoff.ServerTest: 	Setting up Event Bad Auth Token Test...
[Mon Oct 25 22:56:05 MDT 2021] - INFO client.Proxy: 	Clear called
[Mon Oct 25 22:56:05 MDT 2021] - INFO client.Client: 	Post without Request Body called
[Mon Oct 25 22:56:05 MDT 2021] - INFO client.Client: 	Attempting to open connection to server
[Mon Oct 25 22:56:05 MDT 2021] - INFO client.Client: 	Connection opened to server
[Mon Oct 25 22:56:05 MDT 2021] - INFO client.Client: 	Setting passoffrequest method to POST
[Mon Oct 25 22:56:05 MDT 2021] - INFO client.Client: 	Request method set to POST
[Mon Oct 25 22:56:05 MDT 2021] - INFO client.Client: 	Setting Do Output to true
[Mon Oct 25 22:56:05 MDT 2021] - INFO client.Client: 	Do Output set to true
[Mon Oct 25 22:56:05 MDT 2021] - INFO client.Client: 	Connecting to server
[Mon Oct 25 22:56:07 MDT 2021] - INFO passoff.ServerTest: 	Setting up Realistic Fill Marriage Test...
[Mon Oct 25 22:56:07 MDT 2021] - INFO client.Proxy: 	Clear called
[Mon Oct 25 22:56:07 MDT 2021] - INFO client.Client: 	Post without Request Body called
[Mon Oct 25 22:56:07 MDT 2021] - INFO client.Client: 	Attempting to open connection to server
[Mon Oct 25 22:56:07 MDT 2021] - INFO client.Client: 	Connection opened to server
[Mon Oct 25 22:56:07 MDT 2021] - INFO client.Client: 	Setting passoffrequest method to POST
[Mon Oct 25 22:56:07 MDT 2021] - INFO client.Client: 	Request method set to POST
[Mon Oct 25 22:56:07 MDT 2021] - INFO client.Client: 	Setting Do Output to true
[Mon Oct 25 22:56:07 MDT 2021] - INFO client.Client: 	Do Output set to true
[Mon Oct 25 22:56:07 MDT 2021] - INFO client.Client: 	Connecting to server
[Mon Oct 25 22:56:09 MDT 2021] - INFO passoff.ServerTest: 	Setting up Person Wrong User Test...
[Mon Oct 25 22:56:09 MDT 2021] - INFO client.Proxy: 	Clear called
[Mon Oct 25 22:56:09 MDT 2021] - INFO client.Client: 	Post without Request Body called
[Mon Oct 25 22:56:09 MDT 2021] - INFO client.Client: 	Attempting to open connection to server
[Mon Oct 25 22:56:09 MDT 2021] - INFO client.Client: 	Connection opened to server
[Mon Oct 25 22:56:09 MDT 2021] - INFO client.Client: 	Setting passoffrequest method to POST
[Mon Oct 25 22:56:09 MDT 2021] - INFO client.Client: 	Request method set to POST
[Mon Oct 25 22:56:09 MDT 2021] - INFO client.Client: 	Setting Do Output to true
[Mon Oct 25 22:56:09 MDT 2021] - INFO client.Client: 	Do Output set to true
[Mon Oct 25 22:56:09 MDT 2021] - INFO client.Client: 	Connecting to server
[Mon Oct 25 22:56:12 MDT 2021] - INFO passoff.ServerTest: 	Setting up Person Bad Auth Token Test...
[Mon Oct 25 22:56:12 MDT 2021] - INFO client.Proxy: 	Clear called
[Mon Oct 25 22:56:12 MDT 2021] - INFO client.Client: 	Post without Request Body called
[Mon Oct 25 22:56:12 MDT 2021] - INFO client.Client: 	Attempting to open connection to server
[Mon Oct 25 22:56:12 MDT 2021] - INFO client.Client: 	Connection opened to server
[Mon Oct 25 22:56:12 MDT 2021] - INFO client.Client: 	Setting passoffrequest method to POST
[Mon Oct 25 22:56:12 MDT 2021] - INFO client.Client: 	Request method set to POST
[Mon Oct 25 22:56:12 MDT 2021] - INFO client.Client: 	Setting Do Output to true
[Mon Oct 25 22:56:12 MDT 2021] - INFO client.Client: 	Do Output set to true
[Mon Oct 25 22:56:12 MDT 2021] - INFO client.Client: 	Connecting to server
[Mon Oct 25 22:56:14 MDT 2021] - INFO passoff.ServerTest: 	Setting up Event Valid Test...
[Mon Oct 25 22:56:14 MDT 2021] - INFO client.Proxy: 	Clear called
[Mon Oct 25 22:56:14 MDT 2021] - INFO client.Client: 	Post without Request Body called
[Mon Oct 25 22:56:14 MDT 2021] - INFO client.Client: 	Attempting to open connection to server
[Mon Oct 25 22:56:14 MDT 2021] - INFO client.Client: 	Connection opened to server
[Mon Oct 25 22:56:14 MDT 2021] - INFO client.Client: 	Setting passoffrequest method to POST
[Mon Oct 25 22:56:14 MDT 2021] - INFO client.Client: 	Request method set to POST
[Mon Oct 25 22:56:14 MDT 2021] - INFO client.Client: 	Setting Do Output to true
[Mon Oct 25 22:56:14 MDT 2021] - INFO client.Client: 	Do Output set to true
[Mon Oct 25 22:56:14 MDT 2021] - INFO client.Client: 	Connecting to server
[Mon Oct 25 22:56:16 MDT 2021] - INFO passoff.ServerTest: 	Setting up Fill 2 Valid Test...
[Mon Oct 25 22:56:16 MDT 2021] - INFO client.Proxy: 	Clear called
[Mon Oct 25 22:56:16 MDT 2021] - INFO client.Client: 	Post without Request Body called
[Mon Oct 25 22:56:16 MDT 2021] - INFO client.Client: 	Attempting to open connection to server
[Mon Oct 25 22:56:16 MDT 2021] - INFO client.Client: 	Connection opened to server
[Mon Oct 25 22:56:16 MDT 2021] - INFO client.Client: 	Setting passoffrequest method to POST
[Mon Oct 25 22:56:16 MDT 2021] - INFO client.Client: 	Request method set to POST
[Mon Oct 25 22:56:16 MDT 2021] - INFO client.Client: 	Setting Do Output to true
[Mon Oct 25 22:56:16 MDT 2021] - INFO client.Client: 	Do Output set to true
[Mon Oct 25 22:56:16 MDT 2021] - INFO client.Client: 	Connecting to server
[Mon Oct 25 22:56:18 MDT 2021] - INFO passoff.ServerTest: 	Setting up Fill 4 Valid Test...
[Mon Oct 25 22:56:18 MDT 2021] - INFO client.Proxy: 	Clear called
[Mon Oct 25 22:56:18 MDT 2021] - INFO client.Client: 	Post without Request Body called
[Mon Oct 25 22:56:18 MDT 2021] - INFO client.Client: 	Attempting to open connection to server
[Mon Oct 25 22:56:18 MDT 2021] - INFO client.Client: 	Connection opened to server
[Mon Oct 25 22:56:18 MDT 2021] - INFO client.Client: 	Setting passoffrequest method to POST
[Mon Oct 25 22:56:18 MDT 2021] - INFO client.Client: 	Request method set to POST
[Mon Oct 25 22:56:18 MDT 2021] - INFO client.Client: 	Setting Do Output to true
[Mon Oct 25 22:56:18 MDT 2021] - INFO client.Client: 	Do Output set to true
[Mon Oct 25 22:56:18 MDT 2021] - INFO client.Client: 	Connecting to server
[Mon Oct 25 22:56:20 MDT 2021] - INFO passoff.ServerTest: 	Setting up Fill 5 Valid Test...
[Mon Oct 25 22:56:20 MDT 2021] - INFO client.Proxy: 	Clear called
[Mon Oct 25 22:56:20 MDT 2021] - INFO client.Client: 	Post without Request Body called
[Mon Oct 25 22:56:20 MDT 2021] - INFO client.Client: 	Attempting to open connection to server
[Mon Oct 25 22:56:20 MDT 2021] - INFO client.Client: 	Connection opened to server
[Mon Oct 25 22:56:20 MDT 2021] - INFO client.Client: 	Setting passoffrequest method to POST
[Mon Oct 25 22:56:20 MDT 2021] - INFO client.Client: 	Request method set to POST
[Mon Oct 25 22:56:20 MDT 2021] - INFO client.Client: 	Setting Do Output to true
[Mon Oct 25 22:56:20 MDT 2021] - INFO client.Client: 	Do Output set to true
[Mon Oct 25 22:56:20 MDT 2021] - INFO client.Client: 	Connecting to server
[Mon Oct 25 22:56:22 MDT 2021] - INFO passoff.ServerTest: 	Setting up Persons Valid Test...
[Mon Oct 25 22:56:22 MDT 2021] - INFO client.Proxy: 	Clear called
[Mon Oct 25 22:56:22 MDT 2021] - INFO client.Client: 	Post without Request Body called
[Mon Oct 25 22:56:22 MDT 2021] - INFO client.Client: 	Attempting to open connection to server
[Mon Oct 25 22:56:22 MDT 2021] - INFO client.Client: 	Connection opened to server
[Mon Oct 25 22:56:22 MDT 2021] - INFO client.Client: 	Setting passoffrequest method to POST
[Mon Oct 25 22:56:22 MDT 2021] - INFO client.Client: 	Request method set to POST
[Mon Oct 25 22:56:22 MDT 2021] - INFO client.Client: 	Setting Do Output to true
[Mon Oct 25 22:56:22 MDT 2021] - INFO client.Client: 	Do Output set to true
[Mon Oct 25 22:56:22 MDT 2021] - INFO client.Client: 	Connecting to server
[Mon Oct 25 22:56:24 MDT 2021] - INFO passoff.ServerTest: 	Setting up Load Valid Test...
[Mon Oct 25 22:56:24 MDT 2021] - INFO client.Proxy: 	Clear called
[Mon Oct 25 22:56:24 MDT 2021] - INFO client.Client: 	Post without Request Body called
[Mon Oct 25 22:56:24 MDT 2021] - INFO client.Client: 	Attempting to open connection to server
[Mon Oct 25 22:56:24 MDT 2021] - INFO client.Client: 	Connection opened to server
[Mon Oct 25 22:56:24 MDT 2021] - INFO client.Client: 	Setting passoffrequest method to POST
[Mon Oct 25 22:56:24 MDT 2021] - INFO client.Client: 	Request method set to POST
[Mon Oct 25 22:56:24 MDT 2021] - INFO client.Client: 	Setting Do Output to true
[Mon Oct 25 22:56:24 MDT 2021] - INFO client.Client: 	Do Output set to true
[Mon Oct 25 22:56:24 MDT 2021] - INFO client.Client: 	Connecting to server
[Mon Oct 25 22:56:26 MDT 2021] - INFO passoff.ServerTest: 	Setting up Re-Register User Test...
[Mon Oct 25 22:56:26 MDT 2021] - INFO client.Proxy: 	Clear called
[Mon Oct 25 22:56:26 MDT 2021] - INFO client.Client: 	Post without Request Body called
[Mon Oct 25 22:56:26 MDT 2021] - INFO client.Client: 	Attempting to open connection to server
[Mon Oct 25 22:56:26 MDT 2021] - INFO client.Client: 	Connection opened to server
[Mon Oct 25 22:56:26 MDT 2021] - INFO client.Client: 	Setting passoffrequest method to POST
[Mon Oct 25 22:56:26 MDT 2021] - INFO client.Client: 	Request method set to POST
[Mon Oct 25 22:56:26 MDT 2021] - INFO client.Client: 	Setting Do Output to true
[Mon Oct 25 22:56:26 MDT 2021] - INFO client.Client: 	Do Output set to true
[Mon Oct 25 22:56:26 MDT 2021] - INFO client.Client: 	Connecting to server
[Mon Oct 25 22:56:28 MDT 2021] - INFO passoff.ServerTest: 	Setting up Event Wrong User Test...
[Mon Oct 25 22:56:28 MDT 2021] - INFO client.Proxy: 	Clear called
[Mon Oct 25 22:56:28 MDT 2021] - INFO client.Client: 	Post without Request Body called
[Mon Oct 25 22:56:28 MDT 2021] - INFO client.Client: 	Attempting to open connection to server
[Mon Oct 25 22:56:28 MDT 2021] - INFO client.Client: 	Connection opened to server
[Mon Oct 25 22:56:28 MDT 2021] - INFO client.Client: 	Setting passoffrequest method to POST
[Mon Oct 25 22:56:28 MDT 2021] - INFO client.Client: 	Request method set to POST
[Mon Oct 25 22:56:28 MDT 2021] - INFO client.Client: 	Setting Do Output to true
[Mon Oct 25 22:56:28 MDT 2021] - INFO client.Client: 	Do Output set to true
[Mon Oct 25 22:56:28 MDT 2021] - INFO client.Client: 	Connecting to server
[Mon Oct 25 22:56:30 MDT 2021] - INFO passoff.ServerTest: 	Setting up Realistic Fill Birth Test...
[Mon Oct 25 22:56:30 MDT 2021] - INFO client.Proxy: 	Clear called
[Mon Oct 25 22:56:30 MDT 2021] - INFO client.Client: 	Post without Request Body called
[Mon Oct 25 22:56:30 MDT 2021] - INFO client.Client: 	Attempting to open connection to server
[Mon Oct 25 22:56:30 MDT 2021] - INFO client.Client: 	Connection opened to server
[Mon Oct 25 22:56:30 MDT 2021] - INFO client.Client: 	Setting passoffrequest method to POST
[Mon Oct 25 22:56:30 MDT 2021] - INFO client.Client: 	Request method set to POST
[Mon Oct 25 22:56:30 MDT 2021] - INFO client.Client: 	Setting Do Output to true
[Mon Oct 25 22:56:30 MDT 2021] - INFO client.Client: 	Do Output set to true
[Mon Oct 25 22:56:30 MDT 2021] - INFO client.Client: 	Connecting to server
[Mon Oct 25 22:56:32 MDT 2021] - INFO passoff.ServerTest: 	Setting up Events Valid Test...
[Mon Oct 25 22:56:32 MDT 2021] - INFO client.Proxy: 	Clear called
[Mon Oct 25 22:56:32 MDT 2021] - INFO client.Client: 	Post without Request Body called
[Mon Oct 25 22:56:32 MDT 2021] - INFO client.Client: 	Attempting to open connection to server
[Mon Oct 25 22:56:32 MDT 2021] - INFO client.Client: 	Connection opened to server
[Mon Oct 25 22:56:32 MDT 2021] - INFO client.Client: 	Setting passoffrequest method to POST
[Mon Oct 25 22:56:32 MDT 2021] - INFO client.Client: 	Request method set to POST
[Mon Oct 25 22:56:32 MDT 2021] - INFO client.Client: 	Setting Do Output to true
[Mon Oct 25 22:56:32 MDT 2021] - INFO client.Client: 	Do Output set to true
[Mon Oct 25 22:56:32 MDT 2021] - INFO client.Client: 	Connecting to server
[Mon Oct 25 22:56:34 MDT 2021] - INFO passoff.ServerTest: 	Setting up Person Valid Test...
[Mon Oct 25 22:56:34 MDT 2021] - INFO client.Proxy: 	Clear called
[Mon Oct 25 22:56:34 MDT 2021] - INFO client.Client: 	Post without Request Body called
[Mon Oct 25 22:56:34 MDT 2021] - INFO client.Client: 	Attempting to open connection to server
[Mon Oct 25 22:56:34 MDT 2021] - INFO client.Client: 	Connection opened to server
[Mon Oct 25 22:56:34 MDT 2021] - INFO client.Client: 	Setting passoffrequest method to POST
[Mon Oct 25 22:56:34 MDT 2021] - INFO client.Client: 	Request method set to POST
[Mon Oct 25 22:56:34 MDT 2021] - INFO client.Client: 	Setting Do Output to true
[Mon Oct 25 22:56:34 MDT 2021] - INFO client.Client: 	Do Output set to true
[Mon Oct 25 22:56:34 MDT 2021] - INFO client.Client: 	Connecting to server
[Mon Oct 25 22:56:36 MDT 2021] - INFO passoff.ServerTest: 	Setting up Register Valid New User Test...
[Mon Oct 25 22:56:36 MDT 2021] - INFO client.Proxy: 	Clear called
[Mon Oct 25 22:56:36 MDT 2021] - INFO client.Client: 	Post without Request Body called
[Mon Oct 25 22:56:36 MDT 2021] - INFO client.Client: 	Attempting to open connection to server
[Mon Oct 25 22:56:36 MDT 2021] - INFO client.Client: 	Connection opened to server
[Mon Oct 25 22:56:36 MDT 2021] - INFO client.Client: 	Setting passoffrequest method to POST
[Mon Oct 25 22:56:36 MDT 2021] - INFO client.Client: 	Request method set to POST
[Mon Oct 25 22:56:36 MDT 2021] - INFO client.Client: 	Setting Do Output to true
[Mon Oct 25 22:56:36 MDT 2021] - INFO client.Client: 	Do Output set to true
[Mon Oct 25 22:56:36 MDT 2021] - INFO client.Client: 	Connecting to server
[Mon Oct 25 22:56:38 MDT 2021] - INFO passoff.ServerTest: 	Setting up File Handler 404 Test...
[Mon Oct 25 22:56:38 MDT 2021] - INFO client.Proxy: 	Clear called
[Mon Oct 25 22:56:38 MDT 2021] - INFO client.Client: 	Post without Request Body called
[Mon Oct 25 22:56:38 MDT 2021] - INFO client.Client: 	Attempting to open connection to server
[Mon Oct 25 22:56:38 MDT 2021] - INFO client.Client: 	Connection opened to server
[Mon Oct 25 22:56:38 MDT 2021] - INFO client.Client: 	Setting passoffrequest method to POST
[Mon Oct 25 22:56:38 MDT 2021] - INFO client.Client: 	Request method set to POST
[Mon Oct 25 22:56:38 MDT 2021] - INFO client.Client: 	Setting Do Output to true
[Mon Oct 25 22:56:38 MDT 2021] - INFO client.Client: 	Do Output set to true
[Mon Oct 25 22:56:38 MDT 2021] - INFO client.Client: 	Connecting to server
[Mon Oct 25 22:56:40 MDT 2021] - INFO passoff.ServerTest: 	Setting up File Handler Test...
[Mon Oct 25 22:56:40 MDT 2021] - INFO client.Proxy: 	Clear called
[Mon Oct 25 22:56:40 MDT 2021] - INFO client.Client: 	Post without Request Body called
[Mon Oct 25 22:56:40 MDT 2021] - INFO client.Client: 	Attempting to open connection to server
[Mon Oct 25 22:56:40 MDT 2021] - INFO client.Client: 	Connection opened to server
[Mon Oct 25 22:56:40 MDT 2021] - INFO client.Client: 	Setting passoffrequest method to POST
[Mon Oct 25 22:56:40 MDT 2021] - INFO client.Client: 	Request method set to POST
[Mon Oct 25 22:56:40 MDT 2021] - INFO client.Client: 	Setting Do Output to true
[Mon Oct 25 22:56:40 MDT 2021] - INFO client.Client: 	Do Output set to true
[Mon Oct 25 22:56:40 MDT 2021] - INFO client.Client: 	Connecting to server
[Mon Oct 25 22:56:42 MDT 2021] - INFO passoff.ServerTest: 	Setting up Persons Bad Auth Token Test...
[Mon Oct 25 22:56:42 MDT 2021] - INFO client.Proxy: 	Clear called
[Mon Oct 25 22:56:42 MDT 2021] - INFO client.Client: 	Post without Request Body called
[Mon Oct 25 22:56:42 MDT 2021] - INFO client.Client: 	Attempting to open connection to server
[Mon Oct 25 22:56:42 MDT 2021] - INFO client.Client: 	Connection opened to server
[Mon Oct 25 22:56:42 MDT 2021] - INFO client.Client: 	Setting passoffrequest method to POST
[Mon Oct 25 22:56:42 MDT 2021] - INFO client.Client: 	Request method set to POST
[Mon Oct 25 22:56:42 MDT 2021] - INFO client.Client: 	Setting Do Output to true
[Mon Oct 25 22:56:42 MDT 2021] - INFO client.Client: 	Do Output set to true
[Mon Oct 25 22:56:42 MDT 2021] - INFO client.Client: 	Connecting to server
[Mon Oct 25 22:56:44 MDT 2021] - INFO passoff.ServerTest: 	Setting up Fill Does Not Affect Other Users Test...
[Mon Oct 25 22:56:44 MDT 2021] - INFO client.Proxy: 	Clear called
[Mon Oct 25 22:56:44 MDT 2021] - INFO client.Client: 	Post without Request Body called
[Mon Oct 25 22:56:44 MDT 2021] - INFO client.Client: 	Attempting to open connection to server
[Mon Oct 25 22:56:44 MDT 2021] - INFO client.Client: 	Connection opened to server
[Mon Oct 25 22:56:44 MDT 2021] - INFO client.Client: 	Setting passoffrequest method to POST
[Mon Oct 25 22:56:44 MDT 2021] - INFO client.Client: 	Request method set to POST
[Mon Oct 25 22:56:44 MDT 2021] - INFO client.Client: 	Setting Do Output to true
[Mon Oct 25 22:56:44 MDT 2021] - INFO client.Client: 	Do Output set to true
[Mon Oct 25 22:56:44 MDT 2021] - INFO client.Client: 	Connecting to server
[Mon Oct 25 22:56:46 MDT 2021] - INFO passoff.ServerTest: 	Setting up Login Valid User Test...
[Mon Oct 25 22:56:46 MDT 2021] - INFO client.Proxy: 	Clear called
[Mon Oct 25 22:56:46 MDT 2021] - INFO client.Client: 	Post without Request Body called
[Mon Oct 25 22:56:46 MDT 2021] - INFO client.Client: 	Attempting to open connection to server
[Mon Oct 25 22:56:46 MDT 2021] - INFO client.Client: 	Connection opened to server
[Mon Oct 25 22:56:46 MDT 2021] - INFO client.Client: 	Setting passoffrequest method to POST
[Mon Oct 25 22:56:46 MDT 2021] - INFO client.Client: 	Request method set to POST
[Mon Oct 25 22:56:46 MDT 2021] - INFO client.Client: 	Setting Do Output to true
[Mon Oct 25 22:56:46 MDT 2021] - INFO client.Client: 	Do Output set to true
[Mon Oct 25 22:56:46 MDT 2021] - INFO client.Client: 	Connecting to server
